<?xml version="1.0" encoding="utf-8" standalone="no"?>
<!--This file represents the results of running a test suite-->
<test-results name="D:\Dev\VS.Net\NUnit\nunit20\build\mono-1.0\release\bin\nunit.tests.dll" total="481" failures="6" not-run="0" date="3/16/2004" time="9:11 PM">
  <test-suite name="D:\Dev\VS.Net\NUnit\nunit20\build\mono-1.0\release\bin\nunit.tests.dll" success="False" time="38.6355552" asserts="0">
    <results>
      <test-suite name="NUnit" success="False" time="38.4252528" asserts="0">
        <results>
          <test-suite name="Tests" success="False" time="38.2249648" asserts="0">
            <results>
              <test-suite name="Assertions" success="False" time="0.550792" asserts="0">
                <results>
                  <test-suite name="MyAssertionFailureMessage+FailureMessageFixture" success="True" time="0.1301872" asserts="0">
                    <results>
                      <test-case name="NUnit.Tests.Assertions.MyAssertionFailureMessage+FailureMessageFixture.TestInputsAreStrings" executed="True" success="True" time="0.010" asserts="8" />
                      <test-case name="NUnit.Tests.Assertions.MyAssertionFailureMessage+FailureMessageFixture.TestCreateStringBuilder" executed="True" success="True" time="0.000" asserts="4" />
                      <test-case name="NUnit.Tests.Assertions.MyAssertionFailureMessage+FailureMessageFixture.TestClipAroundPosition" executed="True" success="True" time="0.010" asserts="26" />
                      <test-case name="NUnit.Tests.Assertions.MyAssertionFailureMessage+FailureMessageFixture.TestClipAroundPosition2" executed="True" success="True" time="0.000" asserts="80" />
                      <test-case name="NUnit.Tests.Assertions.MyAssertionFailureMessage+FailureMessageFixture.TestConvertWhitespace" executed="True" success="True" time="0.010" asserts="13" />
                      <test-case name="NUnit.Tests.Assertions.MyAssertionFailureMessage+FailureMessageFixture.TestFormatMessageForFailNotEquals" executed="True" success="True" time="0.010" asserts="9" />
                      <test-case name="NUnit.Tests.Assertions.MyAssertionFailureMessage+FailureMessageFixture.TestFormatMessageForFailNotEqualsNewlines" executed="True" success="True" time="0.000" asserts="3" />
                      <test-case name="NUnit.Tests.Assertions.MyAssertionFailureMessage+FailureMessageFixture.TestStringLengthsDiffer" executed="True" success="True" time="0.000" asserts="1" />
                      <test-case name="NUnit.Tests.Assertions.MyAssertionFailureMessage+FailureMessageFixture.TestStringLengthsDiffer2" executed="True" success="True" time="0.010" asserts="1" />
                      <test-case name="NUnit.Tests.Assertions.MyAssertionFailureMessage+FailureMessageFixture.TestStringLengthsDiffer3" executed="True" success="True" time="0.060" asserts="995" />
                    </results>
                  </test-suite>
                  <test-suite name="AssertionTest" success="False" time="0.1602304" asserts="0">
                    <results>
                      <test-case name="NUnit.Tests.Assertions.AssertionTest.AssertEquals" executed="True" success="True" time="0.000" asserts="1" />
                      <test-case name="NUnit.Tests.Assertions.AssertionTest.Bug575936Int32Int64Comparison" executed="True" success="True" time="0.010" asserts="1" />
                      <test-case name="NUnit.Tests.Assertions.AssertionTest.IntegerLongComparison" executed="True" success="True" time="0.000" asserts="2" />
                      <test-case name="NUnit.Tests.Assertions.AssertionTest.AssertEqualsFail" executed="True" success="True" time="0.000" asserts="1" />
                      <test-case name="NUnit.Tests.Assertions.AssertionTest.AssertEqualsTestCaseFail" executed="True" success="True" time="0.000" asserts="1" />
                      <test-case name="NUnit.Tests.Assertions.AssertionTest.AssertEqualsNaNFails" executed="True" success="False" time="0.020" asserts="1">
                        <failure>
                          <message><![CDATA[]]></message>
                          <stack-trace><![CDATA[   at NUnit.Tests.Assertions.AssertionTest.AssertEqualsNaNFails()
]]></stack-trace>
                        </failure>
                      </test-case>
                      <test-case name="NUnit.Tests.Assertions.AssertionTest.AssertEqualsNull" executed="True" success="True" time="0.000" asserts="1" />
                      <test-case name="NUnit.Tests.Assertions.AssertionTest.AssertNanEqualsFails" executed="True" success="False" time="0.000" asserts="1">
                        <failure>
                          <message><![CDATA[]]></message>
                          <stack-trace><![CDATA[   at NUnit.Tests.Assertions.AssertionTest.AssertNanEqualsFails()
]]></stack-trace>
                        </failure>
                      </test-case>
                      <test-case name="NUnit.Tests.Assertions.AssertionTest.AssertNanEqualsNaNFails" executed="True" success="False" time="0.000" asserts="1">
                        <failure>
                          <message><![CDATA[]]></message>
                          <stack-trace><![CDATA[   at NUnit.Tests.Assertions.AssertionTest.AssertNanEqualsNaNFails()
]]></stack-trace>
                        </failure>
                      </test-case>
                      <test-case name="NUnit.Tests.Assertions.AssertionTest.AssertNegInfinityEqualsInfinity" executed="True" success="True" time="0.010" asserts="1" />
                      <test-case name="NUnit.Tests.Assertions.AssertionTest.AssertPosInfinityEqualsInfinity" executed="True" success="True" time="0.000" asserts="1" />
                      <test-case name="NUnit.Tests.Assertions.AssertionTest.AssertPosInfinityNotEquals" executed="True" success="True" time="0.000" asserts="1" />
                      <test-case name="NUnit.Tests.Assertions.AssertionTest.AssertPosInfinityNotEqualsNegInfinity" executed="True" success="True" time="0.010" asserts="1" />
                      <test-case name="NUnit.Tests.Assertions.AssertionTest.AssertSinglePosInfinityNotEqualsNegInfinity" executed="True" success="True" time="0.000" asserts="1" />
                      <test-case name="NUnit.Tests.Assertions.AssertionTest.AssertSingle" executed="True" success="True" time="0.010" asserts="1" />
                      <test-case name="NUnit.Tests.Assertions.AssertionTest.AssertByte" executed="True" success="True" time="0.010" asserts="1" />
                      <test-case name="NUnit.Tests.Assertions.AssertionTest.AssertString" executed="True" success="True" time="0.000" asserts="1" />
                      <test-case name="NUnit.Tests.Assertions.AssertionTest.AssertShort" executed="True" success="True" time="0.000" asserts="1" />
                      <test-case name="NUnit.Tests.Assertions.AssertionTest.AssertNull" executed="True" success="True" time="0.000" asserts="1" />
                      <test-case name="NUnit.Tests.Assertions.AssertionTest.AssertNullNotEqualsNull" executed="True" success="True" time="0.010" asserts="1" />
                      <test-case name="NUnit.Tests.Assertions.AssertionTest.AssertSame" executed="True" success="True" time="0.000" asserts="1" />
                      <test-case name="NUnit.Tests.Assertions.AssertionTest.AssertSameFails" executed="True" success="True" time="0.000" asserts="1" />
                      <test-case name="NUnit.Tests.Assertions.AssertionTest.Fail" executed="True" success="True" time="0.000" asserts="0" />
                      <test-case name="NUnit.Tests.Assertions.AssertionTest.Bug561909FailInheritsFromSystemException" executed="True" success="True" time="0.000" asserts="0" />
                      <test-case name="NUnit.Tests.Assertions.AssertionTest.FailAssertNotNull" executed="True" success="True" time="0.000" asserts="1" />
                      <test-case name="NUnit.Tests.Assertions.AssertionTest.SucceedAssertNotNull" executed="True" success="True" time="0.000" asserts="1" />
                      <test-case name="NUnit.Tests.Assertions.AssertionTest.VerifyFailIsCalled" executed="True" success="True" time="0.010" asserts="2" />
                      <test-case name="NUnit.Tests.Assertions.AssertionTest.AssertEqualsSameTypes" executed="True" success="True" time="0.010" asserts="21" />
                      <test-case name="NUnit.Tests.Assertions.AssertionTest.SucceedAssertFail" executed="True" success="True" time="0.000" asserts="1" />
                      <test-case name="NUnit.Tests.Assertions.AssertionTest.FailAssertFalse" executed="True" success="True" time="0.010" asserts="1" />
                    </results>
                  </test-suite>
                  <test-suite name="FalseFixture" success="True" time="0.0100144" asserts="0">
                    <results>
                      <test-case name="NUnit.Tests.Assertions.FalseFixture.AssertFalse" executed="True" success="True" time="0.000" asserts="1" />
                      <test-case name="NUnit.Tests.Assertions.FalseFixture.AssertFalseFails" executed="True" success="True" time="0.000" asserts="1" />
                    </results>
                  </test-suite>
                  <test-suite name="NotNullFixture" success="True" time="0" asserts="0">
                    <results>
                      <test-case name="NUnit.Tests.Assertions.NotNullFixture.NotNull" executed="True" success="True" time="0.000" asserts="1" />
                      <test-case name="NUnit.Tests.Assertions.NotNullFixture.NotNullFails" executed="True" success="True" time="0.000" asserts="1" />
                    </results>
                  </test-suite>
                  <test-suite name="FailFixture" success="True" time="0.0200288" asserts="0">
                    <results>
                      <test-case name="NUnit.Tests.Assertions.FailFixture.FailWorks" executed="True" success="True" time="0.000" asserts="2" />
                      <test-case name="NUnit.Tests.Assertions.FailFixture.FailThrowsAssertionException" executed="True" success="True" time="0.000" asserts="0" />
                      <test-case name="NUnit.Tests.Assertions.FailFixture.FailInheritsFromSystemException" executed="True" success="True" time="0.000" asserts="0" />
                      <test-case name="NUnit.Tests.Assertions.FailFixture.FailRecordInnerException" executed="True" success="True" time="0.000" asserts="2" />
                    </results>
                  </test-suite>
                  <test-suite name="ArrayEqualsFixture" success="True" time="0.0300432" asserts="0">
                    <results>
                      <test-case name="NUnit.Tests.Assertions.ArrayEqualsFixture.SameArraysAreEqual" executed="True" success="True" time="0.000" asserts="2" />
                      <test-case name="NUnit.Tests.Assertions.ArrayEqualsFixture.DifferentArraysAreEqual" executed="True" success="True" time="0.010" asserts="2" />
                      <test-case name="NUnit.Tests.Assertions.ArrayEqualsFixture.DifferentLengthArrays" executed="True" success="True" time="0.000" asserts="1" />
                      <test-case name="NUnit.Tests.Assertions.ArrayEqualsFixture.SameLengthDifferentContent" executed="True" success="True" time="0.010" asserts="1" />
                      <test-case name="NUnit.Tests.Assertions.ArrayEqualsFixture.DifferentArrayTypesButEqual" executed="True" success="True" time="0.000" asserts="2" />
                      <test-case name="NUnit.Tests.Assertions.ArrayEqualsFixture.MixedTypesAreEqual" executed="True" success="True" time="0.000" asserts="1" />
                      <test-case name="NUnit.Tests.Assertions.ArrayEqualsFixture.DifferentArrayTypesNotEqual" executed="True" success="True" time="0.010" asserts="1" />
                    </results>
                  </test-suite>
                  <test-suite name="NullFixture" success="True" time="0.0100144" asserts="0">
                    <results>
                      <test-case name="NUnit.Tests.Assertions.NullFixture.Null" executed="True" success="True" time="0.000" asserts="1" />
                      <test-case name="NUnit.Tests.Assertions.NullFixture.NullFails" executed="True" success="True" time="0.010" asserts="1" />
                    </results>
                  </test-suite>
                  <test-suite name="TrueFixture" success="True" time="0" asserts="0">
                    <results>
                      <test-case name="NUnit.Tests.Assertions.TrueFixture.AssertTrue" executed="True" success="True" time="0.000" asserts="1" />
                      <test-case name="NUnit.Tests.Assertions.TrueFixture.AssertTrueFails" executed="True" success="True" time="0.000" asserts="1" />
                    </results>
                  </test-suite>
                  <test-suite name="SameFixture" success="True" time="0.0100144" asserts="0">
                    <results>
                      <test-case name="NUnit.Tests.Assertions.SameFixture.Same" executed="True" success="True" time="0.000" asserts="1" />
                      <test-case name="NUnit.Tests.Assertions.SameFixture.SameFails" executed="True" success="True" time="0.000" asserts="2" />
                      <test-case name="NUnit.Tests.Assertions.SameFixture.SameValueTypes" executed="True" success="True" time="0.000" asserts="1" />
                    </results>
                  </test-suite>
                  <test-suite name="EqualsFixture" success="False" time="0.1301872" asserts="0">
                    <results>
                      <test-case name="NUnit.Tests.Assertions.EqualsFixture.Equals" executed="True" success="True" time="0.010" asserts="2" />
                      <test-case name="NUnit.Tests.Assertions.EqualsFixture.EqualsNull" executed="True" success="True" time="0.000" asserts="1" />
                      <test-case name="NUnit.Tests.Assertions.EqualsFixture.Bug575936Int32Int64Comparison" executed="True" success="True" time="0.010" asserts="1" />
                      <test-case name="NUnit.Tests.Assertions.EqualsFixture.IntegerLongComparison" executed="True" success="True" time="0.000" asserts="2" />
                      <test-case name="NUnit.Tests.Assertions.EqualsFixture.IntergerEquals" executed="True" success="True" time="0.010" asserts="1" />
                      <test-case name="NUnit.Tests.Assertions.EqualsFixture.EqualsFail" executed="True" success="True" time="0.000" asserts="2" />
                      <test-case name="NUnit.Tests.Assertions.EqualsFixture.EqualsNaNFails" executed="True" success="False" time="0.010" asserts="1">
                        <failure>
                          <message><![CDATA[AssertionException was expected]]></message>
                          <stack-trace />
                        </failure>
                      </test-case>
                      <test-case name="NUnit.Tests.Assertions.EqualsFixture.NanEqualsFails" executed="True" success="False" time="0.000" asserts="1">
                        <failure>
                          <message><![CDATA[AssertionException was expected]]></message>
                          <stack-trace />
                        </failure>
                      </test-case>
                      <test-case name="NUnit.Tests.Assertions.EqualsFixture.NanEqualsNaNFails" executed="True" success="False" time="0.000" asserts="1">
                        <failure>
                          <message><![CDATA[AssertionException was expected]]></message>
                          <stack-trace />
                        </failure>
                      </test-case>
                      <test-case name="NUnit.Tests.Assertions.EqualsFixture.NegInfinityEqualsInfinity" executed="True" success="True" time="0.000" asserts="1" />
                      <test-case name="NUnit.Tests.Assertions.EqualsFixture.PosInfinityEqualsInfinity" executed="True" success="True" time="0.000" asserts="1" />
                      <test-case name="NUnit.Tests.Assertions.EqualsFixture.PosInfinityNotEquals" executed="True" success="True" time="0.000" asserts="1" />
                      <test-case name="NUnit.Tests.Assertions.EqualsFixture.PosInfinityNotEqualsNegInfinity" executed="True" success="True" time="0.000" asserts="1" />
                      <test-case name="NUnit.Tests.Assertions.EqualsFixture.SinglePosInfinityNotEqualsNegInfinity" executed="True" success="True" time="0.010" asserts="1" />
                      <test-case name="NUnit.Tests.Assertions.EqualsFixture.EqualsThrowsException" executed="True" success="True" time="0.000" asserts="0" />
                      <test-case name="NUnit.Tests.Assertions.EqualsFixture.ReferenceEqualsThrowsException" executed="True" success="True" time="0.010" asserts="0" />
                      <test-case name="NUnit.Tests.Assertions.EqualsFixture.Float" executed="True" success="True" time="0.000" asserts="2" />
                      <test-case name="NUnit.Tests.Assertions.EqualsFixture.Byte" executed="True" success="True" time="0.010" asserts="2" />
                      <test-case name="NUnit.Tests.Assertions.EqualsFixture.String" executed="True" success="True" time="0.000" asserts="2" />
                      <test-case name="NUnit.Tests.Assertions.EqualsFixture.Short" executed="True" success="True" time="0.010" asserts="2" />
                      <test-case name="NUnit.Tests.Assertions.EqualsFixture.Int" executed="True" success="True" time="0.000" asserts="2" />
                      <test-case name="NUnit.Tests.Assertions.EqualsFixture.Decimal" executed="True" success="True" time="0.010" asserts="2" />
                      <test-case name="NUnit.Tests.Assertions.EqualsFixture.EqualsSameTypes" executed="True" success="True" time="0.000" asserts="21" />
                    </results>
                  </test-suite>
                </results>
              </test-suite>
              <test-suite name="Core" success="True" time="16.1432128" asserts="0">
                <results>
                  <test-suite name="SuiteBuilderTests_Multiple" success="True" time="0.450648" asserts="0">
                    <results>
                      <test-case name="NUnit.Tests.Core.SuiteBuilderTests_Multiple.BuildSuite" executed="True" success="True" time="0.351" asserts="1" />
                      <test-case name="NUnit.Tests.Core.SuiteBuilderTests_Multiple.RootNode" executed="True" success="True" time="0.020" asserts="2" />
                      <test-case name="NUnit.Tests.Core.SuiteBuilderTests_Multiple.AssemblyNodes" executed="True" success="True" time="0.010" asserts="2" />
                      <test-case name="NUnit.Tests.Core.SuiteBuilderTests_Multiple.TestCaseCount" executed="True" success="True" time="0.010" asserts="1" />
                      <test-case name="NUnit.Tests.Core.SuiteBuilderTests_Multiple.RunMultipleAssemblies" executed="True" success="True" time="0.030" asserts="1" />
                      <test-case name="NUnit.Tests.Core.SuiteBuilderTests_Multiple.LoadFixture" executed="True" success="True" time="0.010" asserts="2" />
                    </results>
                  </test-suite>
                  <test-suite name="TestFixtureBuilderTests" success="True" time="0.3304752" asserts="0">
                    <results>
                      <test-case name="NUnit.Tests.Core.TestFixtureBuilderTests.CallTestFixtureConstructor" executed="True" success="True" time="0.000" asserts="3" />
                      <test-case name="NUnit.Tests.Core.TestFixtureBuilderTests.BuildTestFixtureWithNoDefaultCtor" executed="True" success="True" time="0.000" asserts="0" />
                      <test-case name="NUnit.Tests.Core.TestFixtureBuilderTests.BuildTestSuiteWithNoDefaultCtorFixture" executed="True" success="True" time="0.010" asserts="1" />
                      <test-case name="NUnit.Tests.Core.TestFixtureBuilderTests.BuildFixtureWithBadCtor" executed="True" success="True" time="0.000" asserts="0" />
                      <test-case name="NUnit.Tests.Core.TestFixtureBuilderTests.BuildTestSuiteWithBadCtorFixture" executed="True" success="True" time="0.000" asserts="1" />
                      <test-case name="NUnit.Tests.Core.TestFixtureBuilderTests.CheckMultipleSetUp" executed="True" success="True" time="0.010" asserts="0" />
                      <test-case name="NUnit.Tests.Core.TestFixtureBuilderTests.CheckMultipleTearDown" executed="True" success="True" time="0.000" asserts="0" />
                      <test-case name="NUnit.Tests.Core.TestFixtureBuilderTests.TestIgnoredFixture" executed="True" success="True" time="0.010" asserts="4" />
                      <test-case name="NUnit.Tests.Core.TestFixtureBuilderTests.IgnoreStaticTests" executed="True" success="True" time="0.010" asserts="4" />
                      <test-case name="NUnit.Tests.Core.TestFixtureBuilderTests.IgnoreTestsThatReturnSomething" executed="True" success="True" time="0.010" asserts="4" />
                      <test-case name="NUnit.Tests.Core.TestFixtureBuilderTests.IgnoreTestsWithParameters" executed="True" success="True" time="0.000" asserts="4" />
                      <test-case name="NUnit.Tests.Core.TestFixtureBuilderTests.IgnoreProtectedTests" executed="True" success="True" time="0.010" asserts="4" />
                      <test-case name="NUnit.Tests.Core.TestFixtureBuilderTests.IgnorePrivateTests" executed="True" success="True" time="0.010" asserts="4" />
                      <test-case name="NUnit.Tests.Core.TestFixtureBuilderTests.GoodSignature" executed="True" success="True" time="0.010" asserts="3" />
                      <test-case name="NUnit.Tests.Core.TestFixtureBuilderTests.FixtureName" executed="True" success="True" time="0.020" asserts="2" />
                      <test-case name="NUnit.Tests.Core.TestFixtureBuilderTests.FixtureName_Nested" executed="True" success="True" time="0.010" asserts="2" />
                      <test-case name="NUnit.Tests.Core.TestFixtureBuilderTests.FixtureName_NestedTwice" executed="True" success="True" time="0.010" asserts="2" />
                      <test-case name="NUnit.Tests.Core.TestFixtureBuilderTests.AbstractFixture" executed="True" success="True" time="0.000" asserts="1" />
                      <test-case name="NUnit.Tests.Core.TestFixtureBuilderTests.CheckMultipleTestFixtureSetUp" executed="True" success="True" time="0.010" asserts="0" />
                      <test-case name="NUnit.Tests.Core.TestFixtureBuilderTests.CheckMultipleTestFixtureTearDown" executed="True" success="True" time="0.000" asserts="0" />
                      <test-case name="NUnit.Tests.Core.TestFixtureBuilderTests.CheckPrivateSetUp" executed="True" success="True" time="0.000" asserts="0" />
                      <test-case name="NUnit.Tests.Core.TestFixtureBuilderTests.CheckProtectedSetUp" executed="True" success="True" time="0.010" asserts="0" />
                      <test-case name="NUnit.Tests.Core.TestFixtureBuilderTests.CheckSetupWithReturnValue" executed="True" success="True" time="0.010" asserts="0" />
                      <test-case name="NUnit.Tests.Core.TestFixtureBuilderTests.CheckSetupWithParameters" executed="True" success="True" time="0.000" asserts="0" />
                      <test-case name="NUnit.Tests.Core.TestFixtureBuilderTests.CheckPrivateTearDown" executed="True" success="True" time="0.010" asserts="0" />
                      <test-case name="NUnit.Tests.Core.TestFixtureBuilderTests.CheckProtectedTearDown" executed="True" success="True" time="0.010" asserts="0" />
                      <test-case name="NUnit.Tests.Core.TestFixtureBuilderTests.CheckTearDownWithReturnValue" executed="True" success="True" time="0.010" asserts="0" />
                      <test-case name="NUnit.Tests.Core.TestFixtureBuilderTests.CheckTearDownWithParameters" executed="True" success="True" time="0.000" asserts="0" />
                      <test-case name="NUnit.Tests.Core.TestFixtureBuilderTests.CheckPrivateFixtureSetUp" executed="True" success="True" time="0.010" asserts="0" />
                      <test-case name="NUnit.Tests.Core.TestFixtureBuilderTests.CheckProtectedFixtureSetUp" executed="True" success="True" time="0.010" asserts="0" />
                      <test-case name="NUnit.Tests.Core.TestFixtureBuilderTests.CheckFixtureSetupWithReturnValue" executed="True" success="True" time="0.010" asserts="0" />
                      <test-case name="NUnit.Tests.Core.TestFixtureBuilderTests.CheckFixtureSetupWithParameters" executed="True" success="True" time="0.000" asserts="0" />
                      <test-case name="NUnit.Tests.Core.TestFixtureBuilderTests.CheckPrivateFixtureTearDown" executed="True" success="True" time="0.000" asserts="0" />
                      <test-case name="NUnit.Tests.Core.TestFixtureBuilderTests.CheckProtectedFixtureTearDown" executed="True" success="True" time="0.010" asserts="0" />
                      <test-case name="NUnit.Tests.Core.TestFixtureBuilderTests.LoadCategories" executed="True" success="True" time="0.010" asserts="3" />
                      <test-case name="NUnit.Tests.Core.TestFixtureBuilderTests.CheckFixtureTearDownWithReturnValue" executed="True" success="True" time="0.010" asserts="0" />
                      <test-case name="NUnit.Tests.Core.TestFixtureBuilderTests.CheckFixtureTearDownWithParameters" executed="True" success="True" time="0.010" asserts="0" />
                    </results>
                  </test-suite>
                  <test-suite name="EventTestFixture" description="Tests that proper events are generated when running  test" success="True" time="0.0200288" asserts="0">
                    <results>
                      <test-case name="NUnit.Tests.Core.EventTestFixture.CheckEventListening" executed="True" success="True" time="0.020" asserts="4" />
                    </results>
                  </test-suite>
                  <test-suite name="NameFilterTest" success="True" time="0.0300432" asserts="0">
                    <results>
                      <test-case name="NUnit.Tests.Core.NameFilterTest.SingleNameMatch" executed="True" success="True" time="0.010" asserts="4" />
                      <test-case name="NUnit.Tests.Core.NameFilterTest.MultipleNameMatch" executed="True" success="True" time="0.010" asserts="3" />
                      <test-case name="NUnit.Tests.Core.NameFilterTest.SuiteNameMatch" executed="True" success="True" time="0.000" asserts="3" />
                      <test-case name="NUnit.Tests.Core.NameFilterTest.TestDoesNotMatch" executed="True" success="True" time="0.000" asserts="2" />
                      <test-case name="NUnit.Tests.Core.NameFilterTest.HighLevelSuite" executed="True" success="True" time="0.000" asserts="3" />
                    </results>
                  </test-suite>
                  <test-suite name="ExpectExceptionTest" success="True" time="0.1101584" asserts="0">
                    <results>
                      <test-case name="NUnit.Tests.Core.ExpectExceptionTest.TestSingle" executed="True" success="True" time="0.000" asserts="0" />
                      <test-case name="NUnit.Tests.Core.ExpectExceptionTest.TestSpecificException" executed="True" success="True" time="0.000" asserts="0" />
                      <test-case name="NUnit.Tests.Core.ExpectExceptionTest.TestBaseException" executed="True" success="True" time="0.000" asserts="2" />
                      <test-case name="NUnit.Tests.Core.ExpectExceptionTest.TestMismatchedException" executed="True" success="True" time="0.000" asserts="2" />
                      <test-case name="NUnit.Tests.Core.ExpectExceptionTest.MethodThrowsException" executed="True" success="True" time="0.010" asserts="1" />
                      <test-case name="NUnit.Tests.Core.ExpectExceptionTest.MethodThrowsRightExceptionMessage" executed="True" success="True" time="0.010" asserts="1" />
                      <test-case name="NUnit.Tests.Core.ExpectExceptionTest.MethodThrowsArgumentOutOfRange" executed="True" success="True" time="0.010" asserts="1" />
                      <test-case name="NUnit.Tests.Core.ExpectExceptionTest.MethodThrowsWrongExceptionMessage" executed="True" success="True" time="0.010" asserts="1" />
                      <test-case name="NUnit.Tests.Core.ExpectExceptionTest.SetUpThrowsSameException" executed="True" success="True" time="0.010" asserts="1" />
                      <test-case name="NUnit.Tests.Core.ExpectExceptionTest.TearDownThrowsSameException" executed="True" success="True" time="0.010" asserts="1" />
                      <test-case name="NUnit.Tests.Core.ExpectExceptionTest.AssertFailBeforeException" executed="True" success="True" time="0.010" asserts="2" />
                      <test-case name="NUnit.Tests.Core.ExpectExceptionTest.ThrowingMyAppException" executed="True" success="True" time="0.010" asserts="0" />
                      <test-case name="NUnit.Tests.Core.ExpectExceptionTest.ThrowingMyAppExceptionWithMessage" executed="True" success="True" time="0.000" asserts="0" />
                      <test-case name="NUnit.Tests.Core.ExpectExceptionTest.ThrowNunitException" executed="True" success="True" time="0.000" asserts="0" />
                    </results>
                  </test-suite>
                  <test-suite name="SuccessTest" success="True" time="0" asserts="0">
                    <results>
                      <test-case name="NUnit.Tests.Core.SuccessTest.Success" executed="True" success="True" time="0.000" asserts="0" />
                    </results>
                  </test-suite>
                  <test-suite name="NamespaceAssemblyTests" success="True" time="0.0600864" asserts="0">
                    <results>
                      <test-case name="NUnit.Tests.Core.NamespaceAssemblyTests.LoadTestFixtureFromAssembly" executed="True" success="True" time="0.000" asserts="1" />
                      <test-case name="NUnit.Tests.Core.NamespaceAssemblyTests.TestRoot" executed="True" success="True" time="0.020" asserts="1" />
                      <test-case name="NUnit.Tests.Core.NamespaceAssemblyTests.Hierarchy" executed="True" success="True" time="0.020" asserts="18" />
                      <test-case name="NUnit.Tests.Core.NamespaceAssemblyTests.NoNamespaceInAssembly" executed="True" success="True" time="0.010" asserts="2" />
                    </results>
                  </test-suite>
                  <test-suite name="SetUpTest" success="True" time="0.0300432" asserts="0">
                    <results>
                      <test-case name="NUnit.Tests.Core.SetUpTest.SetUpAndTearDownCounter" executed="True" success="True" time="0.010" asserts="2" />
                      <test-case name="NUnit.Tests.Core.SetUpTest.MakeSureSetUpAndTearDownAreCalled" executed="True" success="True" time="0.010" asserts="2" />
                      <test-case name="NUnit.Tests.Core.SetUpTest.CheckInheritedSetUpAndTearDownAreCalled" executed="True" success="True" time="0.000" asserts="2" />
                      <test-case name="NUnit.Tests.Core.SetUpTest.CheckInheritedSetUpAndTearDownAreNotCalled" executed="True" success="True" time="0.010" asserts="4" />
                    </results>
                  </test-suite>
                  <test-suite name="SuiteBuilderTests" success="True" time="0.550792" asserts="0">
                    <results>
                      <test-case name="NUnit.Tests.Core.SuiteBuilderTests.LoadAssembly" executed="True" success="True" time="0.351" asserts="1" />
                      <test-case name="NUnit.Tests.Core.SuiteBuilderTests.LoadFixture" executed="True" success="True" time="0.010" asserts="1" />
                      <test-case name="NUnit.Tests.Core.SuiteBuilderTests.LoadSuite" executed="True" success="True" time="0.010" asserts="2" />
                      <test-case name="NUnit.Tests.Core.SuiteBuilderTests.LoadNamespaceAsSuite" executed="True" success="True" time="0.130" asserts="3" />
                      <test-case name="NUnit.Tests.Core.SuiteBuilderTests.DiscoverSuite" executed="True" success="True" time="0.010" asserts="1" />
                      <test-case name="NUnit.Tests.Core.SuiteBuilderTests.WrongReturnTypeSuite" executed="True" success="True" time="0.000" asserts="1" />
                      <test-case name="NUnit.Tests.Core.SuiteBuilderTests.FileNotFound" executed="True" success="True" time="0.010" asserts="0" />
                      <test-case name="NUnit.Tests.Core.SuiteBuilderTests.InvalidAssembly" executed="True" success="True" time="0.010" asserts="0" />
                      <test-case name="NUnit.Tests.Core.SuiteBuilderTests.FixtureNotFound" executed="True" success="True" time="0.010" asserts="1" />
                    </results>
                  </test-suite>
                  <test-suite name="ThreadingTest" success="True" time="0.0100144" asserts="0">
                    <results>
                      <test-case name="NUnit.Tests.Core.ThreadingTest.CreateAndRunThread" executed="True" success="True" time="0.010" asserts="1" />
                    </results>
                  </test-suite>
                  <test-suite name="RemoteRunnerTests" success="True" time="0.1201728" asserts="0">
                    <results>
                      <test-case name="NUnit.Tests.Core.RemoteRunnerTests.LoadAssembly" executed="True" success="True" time="0.010" asserts="1" />
                      <test-case name="NUnit.Tests.Core.RemoteRunnerTests.LoadAssemblyWithFixture" executed="True" success="True" time="0.010" asserts="1" />
                      <test-case name="NUnit.Tests.Core.RemoteRunnerTests.LoadAssemblyWithSuite" executed="True" success="True" time="0.000" asserts="1" />
                      <test-case name="NUnit.Tests.Core.RemoteRunnerTests.CountTestCases" executed="True" success="True" time="0.020" asserts="1" />
                      <test-case name="NUnit.Tests.Core.RemoteRunnerTests.LoadMultipleAssemblies" executed="True" success="True" time="0.020" asserts="1" />
                      <test-case name="NUnit.Tests.Core.RemoteRunnerTests.LoadMultipleAssembliesWithFixture" executed="True" success="True" time="0.010" asserts="1" />
                      <test-case name="NUnit.Tests.Core.RemoteRunnerTests.LoadMultipleAssembliesWithSuite" executed="True" success="True" time="0.000" asserts="1" />
                      <test-case name="NUnit.Tests.Core.RemoteRunnerTests.CountTestCasesAcrossMultipleAssemblies" executed="True" success="True" time="0.020" asserts="1" />
                      <test-case name="NUnit.Tests.Core.RemoteRunnerTests.RunMultipleAssemblies" executed="True" success="True" time="0.030" asserts="1" />
                    </results>
                  </test-suite>
                  <test-suite name="TestRunnerThreadTests" success="True" time="0.4105904" asserts="0">
                    <results>
                      <test-case name="NUnit.Tests.Core.TestRunnerThreadTests.RunTestSuite" executed="True" success="True" time="0.401" asserts="2" />
                      <test-case name="NUnit.Tests.Core.TestRunnerThreadTests.RunNamedTest" executed="True" success="True" time="0.000" asserts="2" />
                      <test-case name="NUnit.Tests.Core.TestRunnerThreadTests.RunMultipleTests" executed="True" success="True" time="0.010" asserts="2" />
                    </results>
                  </test-suite>
                  <test-suite name="TestConsole" success="True" time="0" asserts="0">
                    <results>
                      <test-case name="NUnit.Tests.Core.TestConsole.ConsoleWrite" executed="True" success="True" time="0.000" asserts="0" />
                      <test-case name="NUnit.Tests.Core.TestConsole.ConsoleWriteLine" executed="True" success="True" time="0.000" asserts="0" />
                    </results>
                  </test-suite>
                  <test-suite name="OneTestCase" success="True" time="0" asserts="0">
                    <results>
                      <test-case name="NUnit.Tests.Core.OneTestCase.TestCase" executed="True" success="True" time="0.000" asserts="0" />
                    </results>
                  </test-suite>
                  <test-suite name="TestDelegateFixture" success="True" time="0.0100144" asserts="0">
                    <results>
                      <test-case name="NUnit.Tests.Core.TestDelegateFixture.DelegateTest" executed="True" success="True" time="0.010" asserts="1" />
                    </results>
                  </test-suite>
                  <test-suite name="TestSuiteTest" success="True" time="0.0801152" asserts="0">
                    <results>
                      <test-case name="NUnit.Tests.Core.TestSuiteTest.AddTestFixture" executed="True" success="True" time="0.000" asserts="2" />
                      <test-case name="NUnit.Tests.Core.TestSuiteTest.TestCaseCountinFixture" executed="True" success="True" time="0.000" asserts="3" />
                      <test-case name="NUnit.Tests.Core.TestSuiteTest.InheritedTestCount" executed="True" success="True" time="0.010" asserts="1" />
                      <test-case name="NUnit.Tests.Core.TestSuiteTest.SuiteRunInitialized" executed="True" success="True" time="0.000" asserts="1" />
                      <test-case name="NUnit.Tests.Core.TestSuiteTest.SuiteWithNoTests" executed="True" success="True" time="0.010" asserts="3" />
                      <test-case name="NUnit.Tests.Core.TestSuiteTest.RunNoTestSuite" executed="True" success="True" time="0.000" asserts="3" />
                      <test-case name="NUnit.Tests.Core.TestSuiteTest.RunTestByName" executed="True" success="True" time="0.010" asserts="2" />
                      <test-case name="NUnit.Tests.Core.TestSuiteTest.RunSuiteByName" executed="True" success="True" time="0.010" asserts="2" />
                      <test-case name="NUnit.Tests.Core.TestSuiteTest.CountTestCasesFilteredByName" executed="True" success="True" time="0.010" asserts="4" />
                      <test-case name="NUnit.Tests.Core.TestSuiteTest.RunTestByCategory" executed="True" success="True" time="0.010" asserts="3" />
                      <test-case name="NUnit.Tests.Core.TestSuiteTest.RunSuiteByCategory" executed="True" success="True" time="0.010" asserts="1" />
                    </results>
                  </test-suite>
                  <test-suite name="StackOverflowTestFixture" success="True" time="0.5307632" asserts="0">
                    <results>
                      <test-case name="NUnit.Tests.Core.StackOverflowTestFixture.SimpleOverflow" executed="True" success="True" time="0.531" asserts="0" />
                    </results>
                  </test-suite>
                  <test-suite name="TestDomainFixture" success="True" time="7.5007856" asserts="0">
                    <results>
                      <test-case name="NUnit.Tests.Core.TestDomainFixture.InitTest" executed="True" success="True" time="1.011" asserts="1" />
                      <test-case name="NUnit.Tests.Core.TestDomainFixture.CountTestCases" executed="True" success="True" time="0.911" asserts="1" />
                      <test-case name="NUnit.Tests.Core.TestDomainFixture.FileNotFound" executed="True" success="True" time="0.351" asserts="0" />
                      <test-case name="NUnit.Tests.Core.TestDomainFixture.FileFoundButNotValidAssembly" executed="True" success="True" time="0.521" asserts="0" />
                      <test-case name="NUnit.Tests.Core.TestDomainFixture.RunMockAssembly" executed="True" success="True" time="0.871" asserts="1" />
                      <test-case name="NUnit.Tests.Core.TestDomainFixture.MockAssemblyResults" executed="True" success="True" time="0.961" asserts="3" />
                      <test-case name="NUnit.Tests.Core.TestDomainFixture.SpecificTestFixture" executed="True" success="True" time="0.941" asserts="3" />
                      <test-case name="NUnit.Tests.Core.TestDomainFixture.InvalidTestFixture" executed="True" success="True" time="0.731" asserts="1" />
                      <test-case name="NUnit.Tests.Core.TestDomainFixture.MultipleAssemblies" executed="True" success="True" time="1.152" asserts="2" />
                      <test-case name="NUnit.Tests.Core.TestDomainFixture.BinPath" executed="True" success="True" time="0.000" asserts="1" />
                    </results>
                  </test-suite>
                  <test-suite name="SerializationBug" success="True" time="0.1301872" asserts="0">
                    <results>
                      <test-case name="NUnit.Tests.Core.SerializationBug.SaveAndLoad" executed="True" success="True" time="0.110" asserts="3" />
                    </results>
                  </test-suite>
                  <test-suite name="AssemblyVersionFixture" success="True" time="0.0701008" asserts="0">
                    <results>
                      <test-case name="NUnit.Tests.Core.AssemblyVersionFixture.Version" executed="True" success="True" time="0.060" asserts="1" />
                    </results>
                  </test-suite>
                  <test-suite name="TestDomainTests_Multiple" success="True" time="5.4678624" asserts="0">
                    <results>
                      <test-case name="NUnit.Tests.Core.TestDomainTests_Multiple.BuildSuite" executed="True" success="True" time="0.871" asserts="1" />
                      <test-case name="NUnit.Tests.Core.TestDomainTests_Multiple.RootNode" executed="True" success="True" time="0.801" asserts="2" />
                      <test-case name="NUnit.Tests.Core.TestDomainTests_Multiple.AssemblyNodes" executed="True" success="True" time="1.011" asserts="2" />
                      <test-case name="NUnit.Tests.Core.TestDomainTests_Multiple.TestCaseCount" executed="True" success="True" time="0.971" asserts="1" />
                      <test-case name="NUnit.Tests.Core.TestDomainTests_Multiple.RunMultipleAssemblies" executed="True" success="True" time="0.841" asserts="1" />
                      <test-case name="NUnit.Tests.Core.TestDomainTests_Multiple.LoadFixture" executed="True" success="True" time="0.941" asserts="2" />
                    </results>
                  </test-suite>
                  <test-suite name="FixtureSetupTearDownTest" success="True" time="0.0901296" asserts="0">
                    <results>
                      <test-case name="NUnit.Tests.Core.FixtureSetupTearDownTest.MakeSureSetUpAndTearDownAreCalled" executed="True" success="True" time="0.010" asserts="4" />
                      <test-case name="NUnit.Tests.Core.FixtureSetupTearDownTest.CheckInheritedSetUpAndTearDownAreCalled" executed="True" success="True" time="0.010" asserts="2" />
                      <test-case name="NUnit.Tests.Core.FixtureSetupTearDownTest.CheckInheritedSetUpAndTearDownAreNotCalled" executed="True" success="True" time="0.010" asserts="4" />
                      <test-case name="NUnit.Tests.Core.FixtureSetupTearDownTest.HandleExceptionsInFixtureSetup" executed="True" success="True" time="0.010" asserts="6" />
                      <test-case name="NUnit.Tests.Core.FixtureSetupTearDownTest.RerunFixtureAfterSetUpFixed" executed="True" success="True" time="0.000" asserts="3" />
                      <test-case name="NUnit.Tests.Core.FixtureSetupTearDownTest.HandleExceptionsInFixtureTearDown" executed="True" success="True" time="0.000" asserts="7" />
                      <test-case name="NUnit.Tests.Core.FixtureSetupTearDownTest.RerunFixtureAfterTearDownFixed" executed="True" success="True" time="0.010" asserts="3" />
                      <test-case name="NUnit.Tests.Core.FixtureSetupTearDownTest.HandleSetUpAndTearDownWithTestInName" executed="True" success="True" time="0.010" asserts="4" />
                      <test-case name="NUnit.Tests.Core.FixtureSetupTearDownTest.RunningSingleMethodCallsSetUpAndTearDown" executed="True" success="True" time="0.010" asserts="2" />
                      <test-case name="NUnit.Tests.Core.FixtureSetupTearDownTest.IgnoredFixtureShouldNotCallFixtureSetUpOrTearDown" executed="True" success="True" time="0.000" asserts="2" />
                      <test-case name="NUnit.Tests.Core.FixtureSetupTearDownTest.FixtureWithNoTestsShouldNotCallFixtureSetUpOrTearDown" executed="True" success="True" time="0.010" asserts="2" />
                    </results>
                  </test-suite>
                  <test-suite name="CategoryManagerTest" success="True" time="0" asserts="0">
                    <results>
                      <test-case name="NUnit.Tests.Core.CategoryManagerTest.NoDuplicates" executed="True" success="True" time="0.000" asserts="1" />
                    </results>
                  </test-suite>
                  <test-suite name="TestCaseTest" success="True" time="0" asserts="0">
                    <results>
                      <test-case name="NUnit.Tests.Core.TestCaseTest.CreateIgnoredTestCase" executed="True" success="True" time="0.000" asserts="3" />
                      <test-case name="NUnit.Tests.Core.TestCaseTest.RunIgnoredTestCase" executed="True" success="True" time="0.000" asserts="2" />
                      <test-case name="NUnit.Tests.Core.TestCaseTest.LoadMethodCategories" executed="True" success="True" time="0.000" asserts="3" />
                    </results>
                  </test-suite>
                  <test-suite name="InheritedTestFixture" success="True" time="0" asserts="0">
                    <results>
                      <test-case name="NUnit.Tests.Core.InheritedTestFixture.TestCase" executed="True" success="True" time="0.000" asserts="0" />
                      <test-case name="NUnit.Tests.Core.InheritedTestFixture.Test2" executed="True" success="True" time="0.000" asserts="0" />
                    </results>
                  </test-suite>
                  <test-suite name="TestCaseNameTest" success="True" time="0.0100144" asserts="0">
                    <results>
                      <test-case name="NUnit.Tests.Core.TestCaseNameTest.TestName" executed="True" success="True" time="0.000" asserts="2" />
                      <test-case name="NUnit.Tests.Core.TestCaseNameTest.TestExpectedException" executed="True" success="True" time="0.000" asserts="1" />
                    </results>
                  </test-suite>
                  <test-suite name="TestFixtureExtension" success="True" time="0.0300432" asserts="0">
                    <results>
                      <test-case name="NUnit.Tests.Core.TestFixtureExtension.CheckMultipleSetUp" executed="True" success="True" time="0.000" asserts="1" />
                      <test-case name="NUnit.Tests.Core.TestFixtureExtension.DerivedTest" executed="True" success="True" time="0.000" asserts="2" />
                      <test-case name="NUnit.Tests.Core.TestFixtureExtension.InheritSetup" executed="True" success="True" time="0.010" asserts="1" />
                      <test-case name="NUnit.Tests.Core.TestFixtureExtension.InheritTearDown" executed="True" success="True" time="0.010" asserts="1" />
                    </results>
                  </test-suite>
                </results>
              </test-suite>
              <test-suite name="Util" success="True" time="13.4493392" asserts="0">
                <results>
                  <test-suite name="RemoteTestResultTest" success="True" time="0.6108784" asserts="0">
                    <results>
                      <test-case name="NUnit.Tests.Util.RemoteTestResultTest.ResultStillValidAfterDomainUnload" executed="True" success="True" time="0.611" asserts="4" />
                    </results>
                  </test-suite>
                  <test-suite name="XmlTest" success="True" time="1.0214688" asserts="0">
                    <results>
                      <test-case name="NUnit.Tests.Util.XmlTest.TestSchemaValidatorInvariantCulture" executed="True" success="True" time="0.831" asserts="1" />
                      <test-case name="NUnit.Tests.Util.XmlTest.TestSchemaValidatorUnitedStatesCulture" executed="True" success="True" time="0.050" asserts="1" />
                      <test-case name="NUnit.Tests.Util.XmlTest.TestStream" executed="True" success="True" time="0.080" asserts="1" />
                      <test-case name="NUnit.Tests.Util.XmlTest.TestSchemaValidatorFrenchCulture" executed="True" success="True" time="0.050" asserts="1" />
                      <test-case name="NUnit.Tests.Util.XmlTest.removeTime" executed="True" success="True" time="0.000" asserts="1" />
                    </results>
                  </test-suite>
                  <test-suite name="NUnitProjectLoad" success="True" time="0.2703888" asserts="0">
                    <results>
                      <test-case name="NUnit.Tests.Util.NUnitProjectLoad.LoadEmptyProject" executed="True" success="True" time="0.010" asserts="1" />
                      <test-case name="NUnit.Tests.Util.NUnitProjectLoad.LoadEmptyConfigs" executed="True" success="True" time="0.020" asserts="3" />
                      <test-case name="NUnit.Tests.Util.NUnitProjectLoad.LoadNormalProject" executed="True" success="True" time="0.020" asserts="7" />
                      <test-case name="NUnit.Tests.Util.NUnitProjectLoad.FromAssembly" executed="True" success="True" time="0.000" asserts="5" />
                      <test-case name="NUnit.Tests.Util.NUnitProjectLoad.SaveClearsAssemblyWrapper" executed="True" success="True" time="0.010" asserts="1" />
                      <test-case name="NUnit.Tests.Util.NUnitProjectLoad.FromCSharpProject" executed="True" success="True" time="0.100" asserts="4" />
                      <test-case name="NUnit.Tests.Util.NUnitProjectLoad.FromVBProject" executed="True" success="True" time="0.010" asserts="4" />
                      <test-case name="NUnit.Tests.Util.NUnitProjectLoad.FromJsharpProject" executed="True" success="True" time="0.010" asserts="4" />
                      <test-case name="NUnit.Tests.Util.NUnitProjectLoad.FromCppProject" executed="True" success="True" time="0.040" asserts="4" />
                      <test-case name="NUnit.Tests.Util.NUnitProjectLoad.FromVSSolution" executed="True" success="True" time="0.030" asserts="7" />
                    </results>
                  </test-suite>
                  <test-suite name="ProjectConfigTests" success="True" time="0.100144" asserts="0">
                    <results>
                      <test-case name="NUnit.Tests.Util.ProjectConfigTests.EmptyConfig" executed="True" success="True" time="0.000" asserts="2" />
                      <test-case name="NUnit.Tests.Util.ProjectConfigTests.CanAddAssemblies" executed="True" success="True" time="0.000" asserts="3" />
                      <test-case name="NUnit.Tests.Util.ProjectConfigTests.GetAbsolutePaths" executed="True" success="True" time="0.000" asserts="2" />
                      <test-case name="NUnit.Tests.Util.ProjectConfigTests.GetRelativePaths" executed="True" success="True" time="0.010" asserts="2" />
                      <test-case name="NUnit.Tests.Util.ProjectConfigTests.AddMarksProjectDirty" executed="True" success="True" time="0.000" asserts="1" />
                      <test-case name="NUnit.Tests.Util.ProjectConfigTests.RenameMarksProjectDirty" executed="True" success="True" time="0.000" asserts="1" />
                      <test-case name="NUnit.Tests.Util.ProjectConfigTests.RemoveMarksProjectDirty" executed="True" success="True" time="0.000" asserts="1" />
                      <test-case name="NUnit.Tests.Util.ProjectConfigTests.SettingApplicationBaseMarksProjectDirty" executed="True" success="True" time="0.000" asserts="1" />
                      <test-case name="NUnit.Tests.Util.ProjectConfigTests.AbsoluteBasePath" executed="True" success="True" time="0.010" asserts="2" />
                      <test-case name="NUnit.Tests.Util.ProjectConfigTests.RelativeBasePath" executed="True" success="True" time="0.000" asserts="2" />
                      <test-case name="NUnit.Tests.Util.ProjectConfigTests.NoBasePathSet" executed="True" success="True" time="0.010" asserts="2" />
                      <test-case name="NUnit.Tests.Util.ProjectConfigTests.SettingConfigurationFileMarksProjectDirty" executed="True" success="True" time="0.000" asserts="1" />
                      <test-case name="NUnit.Tests.Util.ProjectConfigTests.DefaultConfigurationFile" executed="True" success="True" time="0.010" asserts="1" />
                      <test-case name="NUnit.Tests.Util.ProjectConfigTests.AbsoluteConfigurationFile" executed="True" success="True" time="0.000" asserts="1" />
                      <test-case name="NUnit.Tests.Util.ProjectConfigTests.RelativeConfigurationFile" executed="True" success="True" time="0.000" asserts="1" />
                      <test-case name="NUnit.Tests.Util.ProjectConfigTests.SettingPrivateBinPathMarksProjectDirty" executed="True" success="True" time="0.000" asserts="1" />
                      <test-case name="NUnit.Tests.Util.ProjectConfigTests.SettingBinPathTypeMarksProjectDirty" executed="True" success="True" time="0.000" asserts="1" />
                      <test-case name="NUnit.Tests.Util.ProjectConfigTests.GetPrivateBinPath" executed="True" success="True" time="0.010" asserts="1" />
                      <test-case name="NUnit.Tests.Util.ProjectConfigTests.NoPrivateBinPath" executed="True" success="True" time="0.000" asserts="1" />
                      <test-case name="NUnit.Tests.Util.ProjectConfigTests.ManualPrivateBinPath" executed="True" success="True" time="0.000" asserts="1" />
                      <test-case name="NUnit.Tests.Util.ProjectConfigTests.AutoPrivateBinPath" executed="True" success="True" time="0.000" asserts="1" />
                      <test-case name="NUnit.Tests.Util.ProjectConfigTests.GeneratesChangedEvent" executed="True" success="True" time="0.010" asserts="2" />
                    </results>
                  </test-suite>
                  <test-suite name="AssemblyListTests" success="True" time="0.0400576" asserts="0">
                    <results>
                      <test-case name="NUnit.Tests.Util.AssemblyListTests.EmptyList" executed="True" success="True" time="0.000" asserts="1" />
                      <test-case name="NUnit.Tests.Util.AssemblyListTests.CanAddAssemblies" executed="True" success="True" time="0.000" asserts="3" />
                      <test-case name="NUnit.Tests.Util.AssemblyListTests.MustAddAbsolutePath" executed="True" success="True" time="0.000" asserts="0" />
                      <test-case name="NUnit.Tests.Util.AssemblyListTests.AddMarksConfigurationDirty" executed="True" success="True" time="0.000" asserts="1" />
                      <test-case name="NUnit.Tests.Util.AssemblyListTests.CanRemoveAssemblies" executed="True" success="True" time="0.000" asserts="3" />
                      <test-case name="NUnit.Tests.Util.AssemblyListTests.RemoveAtMarksConfigurationDirty" executed="True" success="True" time="0.000" asserts="1" />
                      <test-case name="NUnit.Tests.Util.AssemblyListTests.RemoveMarksConfigurationDirty" executed="True" success="True" time="0.000" asserts="1" />
                      <test-case name="NUnit.Tests.Util.AssemblyListTests.SettingFullPathMarksConfigurationDirty" executed="True" success="True" time="0.000" asserts="1" />
                      <test-case name="NUnit.Tests.Util.AssemblyListTests.SettingHasTestsMarksConfigurationDirty" executed="True" success="True" time="0.000" asserts="1" />
                    </results>
                  </test-suite>
                  <test-suite name="NUnitProjectTests" success="True" time="0.1702448" asserts="0">
                    <results>
                      <test-case name="NUnit.Tests.Util.NUnitProjectTests.IsProjectFile" executed="True" success="True" time="0.000" asserts="2" />
                      <test-case name="NUnit.Tests.Util.NUnitProjectTests.NewProjectIsEmpty" executed="True" success="True" time="0.010" asserts="2" />
                      <test-case name="NUnit.Tests.Util.NUnitProjectTests.NewProjectIsNotDirty" executed="True" success="True" time="0.000" asserts="1" />
                      <test-case name="NUnit.Tests.Util.NUnitProjectTests.NewProjectDefaultPath" executed="True" success="True" time="0.000" asserts="3" />
                      <test-case name="NUnit.Tests.Util.NUnitProjectTests.NewProjectNotLoadable" executed="True" success="True" time="0.000" asserts="1" />
                      <test-case name="NUnit.Tests.Util.NUnitProjectTests.SaveMakesProjectNotDirty" executed="True" success="True" time="0.000" asserts="1" />
                      <test-case name="NUnit.Tests.Util.NUnitProjectTests.SaveSetsProjectPath" executed="True" success="True" time="0.000" asserts="2" />
                      <test-case name="NUnit.Tests.Util.NUnitProjectTests.DefaultApplicationBase" executed="True" success="True" time="0.010" asserts="1" />
                      <test-case name="NUnit.Tests.Util.NUnitProjectTests.DefaultConfigurationFile" executed="True" success="True" time="0.010" asserts="1" />
                      <test-case name="NUnit.Tests.Util.NUnitProjectTests.ConfigurationFileFromAssembly" executed="True" success="True" time="0.010" asserts="1" />
                      <test-case name="NUnit.Tests.Util.NUnitProjectTests.ConfigurationFileFromAssemblies" executed="True" success="True" time="0.000" asserts="1" />
                      <test-case name="NUnit.Tests.Util.NUnitProjectTests.DefaultProjectName" executed="True" success="True" time="0.000" asserts="1" />
                      <test-case name="NUnit.Tests.Util.NUnitProjectTests.LoadMakesProjectNotDirty" executed="True" success="True" time="0.010" asserts="1" />
                      <test-case name="NUnit.Tests.Util.NUnitProjectTests.CanAddConfigs" executed="True" success="True" time="0.010" asserts="1" />
                      <test-case name="NUnit.Tests.Util.NUnitProjectTests.CanSetActiveConfig" executed="True" success="True" time="0.000" asserts="1" />
                      <test-case name="NUnit.Tests.Util.NUnitProjectTests.CanAddAssemblies" executed="True" success="True" time="0.010" asserts="3" />
                      <test-case name="NUnit.Tests.Util.NUnitProjectTests.AddConfigMakesProjectDirty" executed="True" success="True" time="0.000" asserts="2" />
                      <test-case name="NUnit.Tests.Util.NUnitProjectTests.RenameConfigMakesProjectDirty" executed="True" success="True" time="0.010" asserts="2" />
                      <test-case name="NUnit.Tests.Util.NUnitProjectTests.DefaultActiveConfig" executed="True" success="True" time="0.000" asserts="1" />
                      <test-case name="NUnit.Tests.Util.NUnitProjectTests.RenameActiveConfig" executed="True" success="True" time="0.000" asserts="1" />
                      <test-case name="NUnit.Tests.Util.NUnitProjectTests.RemoveConfigMakesProjectDirty" executed="True" success="True" time="0.000" asserts="2" />
                      <test-case name="NUnit.Tests.Util.NUnitProjectTests.RemoveActiveConfig" executed="True" success="True" time="0.000" asserts="1" />
                      <test-case name="NUnit.Tests.Util.NUnitProjectTests.SettingActiveConfigMakesProjectDirty" executed="True" success="True" time="0.010" asserts="2" />
                      <test-case name="NUnit.Tests.Util.NUnitProjectTests.SaveAndLoadEmptyProject" executed="True" success="True" time="0.010" asserts="2" />
                      <test-case name="NUnit.Tests.Util.NUnitProjectTests.SaveAndLoadEmptyConfigs" executed="True" success="True" time="0.010" asserts="4" />
                      <test-case name="NUnit.Tests.Util.NUnitProjectTests.SaveAndLoadConfigsWithAssemblies" executed="True" success="True" time="0.020" asserts="8" />
                    </results>
                  </test-suite>
                  <test-suite name="TestLoaderAssemblyTests" success="True" time="4.0257888" asserts="0">
                    <results>
                      <test-case name="NUnit.Tests.Util.TestLoaderAssemblyTests.LoadProject" executed="True" success="True" time="0.030" asserts="5" />
                      <test-case name="NUnit.Tests.Util.TestLoaderAssemblyTests.UnloadProject" executed="True" success="True" time="0.000" asserts="5" />
                      <test-case name="NUnit.Tests.Util.TestLoaderAssemblyTests.LoadTest" executed="True" success="True" time="0.831" asserts="6" />
                      <test-case name="NUnit.Tests.Util.TestLoaderAssemblyTests.UnloadTest" executed="True" success="True" time="0.641" asserts="3" />
                      <test-case name="NUnit.Tests.Util.TestLoaderAssemblyTests.FileNotFound" executed="True" success="True" time="0.010" asserts="5" />
                      <test-case name="NUnit.Tests.Util.TestLoaderAssemblyTests.InvalidAssembly" executed="True" success="True" time="0.310" asserts="5" />
                      <test-case name="NUnit.Tests.Util.TestLoaderAssemblyTests.AssemblyWithNoTests" executed="True" success="True" time="0.641" asserts="4" />
                      <test-case name="NUnit.Tests.Util.TestLoaderAssemblyTests.RunTest" executed="True" success="True" time="1.532" asserts="5" />
                    </results>
                  </test-suite>
                  <test-suite name="VSProjectTests" success="True" time="0.0901296" asserts="0">
                    <results>
                      <test-case name="NUnit.Tests.Util.VSProjectTests.SolutionExtension" executed="True" success="True" time="0.000" asserts="2" />
                      <test-case name="NUnit.Tests.Util.VSProjectTests.ProjectExtensions" executed="True" success="True" time="0.000" asserts="4" />
                      <test-case name="NUnit.Tests.Util.VSProjectTests.LoadCsharpProject" executed="True" success="True" time="0.010" asserts="3" />
                      <test-case name="NUnit.Tests.Util.VSProjectTests.LoadVbProject" executed="True" success="True" time="0.010" asserts="3" />
                      <test-case name="NUnit.Tests.Util.VSProjectTests.LoadJsharpProject" executed="True" success="True" time="0.010" asserts="3" />
                      <test-case name="NUnit.Tests.Util.VSProjectTests.LoadCppProject" executed="True" success="True" time="0.010" asserts="3" />
                      <test-case name="NUnit.Tests.Util.VSProjectTests.LoadInvalidFileType" executed="True" success="True" time="0.000" asserts="0" />
                      <test-case name="NUnit.Tests.Util.VSProjectTests.FileNotFoundError" executed="True" success="True" time="0.000" asserts="0" />
                      <test-case name="NUnit.Tests.Util.VSProjectTests.InvalidXmlFormat" executed="True" success="True" time="0.010" asserts="0" />
                      <test-case name="NUnit.Tests.Util.VSProjectTests.InvalidProjectFormat" executed="True" success="True" time="0.010" asserts="0" />
                      <test-case name="NUnit.Tests.Util.VSProjectTests.MissingAttributes" executed="True" success="True" time="0.010" asserts="0" />
                      <test-case name="NUnit.Tests.Util.VSProjectTests.NoConfigurations" executed="True" success="True" time="0.010" asserts="1" />
                    </results>
                  </test-suite>
                  <test-suite name="SummaryResultFixture" success="True" time="0.0100144" asserts="0">
                    <results>
                      <test-case name="NUnit.Tests.Util.SummaryResultFixture.TestCountNotRunSuites" executed="True" success="True" time="0.000" asserts="1" />
                      <test-case name="NUnit.Tests.Util.SummaryResultFixture.TotalCountSuccess" executed="True" success="True" time="0.010" asserts="5" />
                      <test-case name="NUnit.Tests.Util.SummaryResultFixture.Failure" executed="True" success="True" time="0.000" asserts="4" />
                      <test-case name="NUnit.Tests.Util.SummaryResultFixture.TestTime" executed="True" success="True" time="0.000" asserts="1" />
                    </results>
                  </test-suite>
                  <test-suite name="EventDispatcherTests" success="True" time="0.0901296" asserts="0">
                    <results>
                      <test-case name="NUnit.Tests.Util.EventDispatcherTests.ProjectLoading" executed="True" success="True" time="0.000" asserts="3" />
                      <test-case name="NUnit.Tests.Util.EventDispatcherTests.ProjectLoaded" executed="True" success="True" time="0.010" asserts="3" />
                      <test-case name="NUnit.Tests.Util.EventDispatcherTests.ProjectLoadFailed" executed="True" success="True" time="0.000" asserts="4" />
                      <test-case name="NUnit.Tests.Util.EventDispatcherTests.ProjectUnloading" executed="True" success="True" time="0.000" asserts="3" />
                      <test-case name="NUnit.Tests.Util.EventDispatcherTests.ProjectUnloaded" executed="True" success="True" time="0.000" asserts="3" />
                      <test-case name="NUnit.Tests.Util.EventDispatcherTests.ProjectUnloadFailed" executed="True" success="True" time="0.000" asserts="4" />
                      <test-case name="NUnit.Tests.Util.EventDispatcherTests.TestLoading" executed="True" success="True" time="0.010" asserts="3" />
                      <test-case name="NUnit.Tests.Util.EventDispatcherTests.TestLoaded" executed="True" success="True" time="0.000" asserts="4" />
                      <test-case name="NUnit.Tests.Util.EventDispatcherTests.TestLoadFailed" executed="True" success="True" time="0.000" asserts="4" />
                      <test-case name="NUnit.Tests.Util.EventDispatcherTests.TestUnloading" executed="True" success="True" time="0.000" asserts="3" />
                      <test-case name="NUnit.Tests.Util.EventDispatcherTests.TestUnloaded" executed="True" success="True" time="0.000" asserts="4" />
                      <test-case name="NUnit.Tests.Util.EventDispatcherTests.TestUnloadFailed" executed="True" success="True" time="0.010" asserts="4" />
                      <test-case name="NUnit.Tests.Util.EventDispatcherTests.TestReloading" executed="True" success="True" time="0.000" asserts="3" />
                      <test-case name="NUnit.Tests.Util.EventDispatcherTests.TestReloaded" executed="True" success="True" time="0.000" asserts="4" />
                      <test-case name="NUnit.Tests.Util.EventDispatcherTests.TestReloadFailed" executed="True" success="True" time="0.010" asserts="4" />
                      <test-case name="NUnit.Tests.Util.EventDispatcherTests.RunStarting" executed="True" success="True" time="0.000" asserts="3" />
                      <test-case name="NUnit.Tests.Util.EventDispatcherTests.RunFinished" executed="True" success="True" time="0.000" asserts="3" />
                      <test-case name="NUnit.Tests.Util.EventDispatcherTests.RunFailed" executed="True" success="True" time="0.000" asserts="3" />
                      <test-case name="NUnit.Tests.Util.EventDispatcherTests.SuiteStarting" executed="True" success="True" time="0.000" asserts="3" />
                      <test-case name="NUnit.Tests.Util.EventDispatcherTests.SuiteFinished" executed="True" success="True" time="0.010" asserts="3" />
                      <test-case name="NUnit.Tests.Util.EventDispatcherTests.TestStarting" executed="True" success="True" time="0.000" asserts="3" />
                      <test-case name="NUnit.Tests.Util.EventDispatcherTests.TestFinished" executed="True" success="True" time="0.000" asserts="3" />
                    </results>
                  </test-suite>
                  <test-suite name="ProjectConfigCollectionTests" success="True" time="0.0200288" asserts="0">
                    <results>
                      <test-case name="NUnit.Tests.Util.ProjectConfigCollectionTests.EmptyCollection" executed="True" success="True" time="0.000" asserts="1" />
                      <test-case name="NUnit.Tests.Util.ProjectConfigCollectionTests.AddConfig" executed="True" success="True" time="0.000" asserts="1" />
                      <test-case name="NUnit.Tests.Util.ProjectConfigCollectionTests.AddMakesProjectDirty" executed="True" success="True" time="0.000" asserts="1" />
                      <test-case name="NUnit.Tests.Util.ProjectConfigCollectionTests.BuildConfigAndAdd" executed="True" success="True" time="0.010" asserts="1" />
                      <test-case name="NUnit.Tests.Util.ProjectConfigCollectionTests.AddTwoConfigs" executed="True" success="True" time="0.000" asserts="3" />
                    </results>
                  </test-suite>
                  <test-suite name="UITestNodeTests" success="True" time="0.0200288" asserts="0">
                    <results>
                      <test-case name="NUnit.Tests.Util.UITestNodeTests.Construction" executed="True" success="True" time="0.010" asserts="24" />
                      <test-case name="NUnit.Tests.Util.UITestNodeTests.PopulateTests" executed="True" success="True" time="0.010" asserts="8" />
                      <test-case name="NUnit.Tests.Util.UITestNodeTests.Conversion" executed="True" success="True" time="0.000" asserts="21" />
                    </results>
                  </test-suite>
                  <test-suite name="ProjectPathTests" success="True" time="0.0300432" asserts="0">
                    <results>
                      <test-case name="NUnit.Tests.Util.ProjectPathTests.IsAssemblyFileType" executed="True" success="True" time="0.000" asserts="3" />
                      <test-case name="NUnit.Tests.Util.ProjectPathTests.Canonicalize" executed="True" success="True" time="0.000" asserts="2" />
                      <test-case name="NUnit.Tests.Util.ProjectPathTests.RelativePath" executed="True" success="True" time="0.000" asserts="4" />
                      <test-case name="NUnit.Tests.Util.ProjectPathTests.SamePath" executed="True" success="True" time="0.000" asserts="3" />
                      <test-case name="NUnit.Tests.Util.ProjectPathTests.SamePathOrUnder" executed="True" success="True" time="0.010" asserts="8" />
                    </results>
                  </test-suite>
                  <test-suite name="NUnitProjectSave" success="True" time="0.0400576" asserts="0">
                    <results>
                      <test-case name="NUnit.Tests.Util.NUnitProjectSave.SaveEmptyProject" executed="True" success="True" time="0.010" asserts="1" />
                      <test-case name="NUnit.Tests.Util.NUnitProjectSave.SaveEmptyConfigs" executed="True" success="True" time="0.010" asserts="1" />
                      <test-case name="NUnit.Tests.Util.NUnitProjectSave.SaveNormalProject" executed="True" success="True" time="0.010" asserts="1" />
                    </results>
                  </test-suite>
                  <test-suite name="UtilTest" success="True" time="0.0300432" asserts="0">
                    <results>
                      <test-case name="NUnit.Tests.Util.UtilTest.CompareTreeToSelf" executed="True" success="True" time="0.010" asserts="1" />
                      <test-case name="NUnit.Tests.Util.UtilTest.CompareStructurallyDifferentTrees" executed="True" success="True" time="0.000" asserts="1" />
                      <test-case name="NUnit.Tests.Util.UtilTest.CompareStructurallyIdenticalTreesWithDifferentNames" executed="True" success="True" time="0.000" asserts="1" />
                      <test-case name="NUnit.Tests.Util.UtilTest.CompareIdenticalTreesWithOneIgnored" executed="True" success="True" time="0.000" asserts="1" />
                    </results>
                  </test-suite>
                  <test-suite name="FileWatcherTest" success="True" time="6.8298208" asserts="0">
                    <results>
                      <test-case name="NUnit.Tests.Util.FileWatcherTest.TestManyFrequentEvents" executed="True" success="True" time="2.804" asserts="2" />
                      <test-case name="NUnit.Tests.Util.FileWatcherTest.ChangeAttributes" executed="True" success="True" time="2.013" asserts="1" />
                      <test-case name="NUnit.Tests.Util.FileWatcherTest.CopyFile" executed="True" success="True" time="2.013" asserts="1" />
                    </results>
                  </test-suite>
                </results>
              </test-suite>
              <test-suite name="Mocks" success="True" time="0.1702448" asserts="0">
                <results>
                  <test-suite name="DynamicMockTests" success="True" time="0.0400576" asserts="0">
                    <results>
                      <test-case name="NUnit.Tests.Mocks.DynamicMockTests.MockHasDefaultName" executed="True" success="True" time="0.010" asserts="1" />
                      <test-case name="NUnit.Tests.Mocks.DynamicMockTests.MockHasNonDefaultName" executed="True" success="True" time="0.000" asserts="1" />
                      <test-case name="NUnit.Tests.Mocks.DynamicMockTests.CallMethod" executed="True" success="True" time="0.000" asserts="0" />
                      <test-case name="NUnit.Tests.Mocks.DynamicMockTests.CallMethodWithArgs" executed="True" success="True" time="0.010" asserts="0" />
                      <test-case name="NUnit.Tests.Mocks.DynamicMockTests.ExpectedMethod" executed="True" success="True" time="0.000" asserts="2" />
                      <test-case name="NUnit.Tests.Mocks.DynamicMockTests.ExpectedMethodNotCalled" executed="True" success="True" time="0.000" asserts="1" />
                      <test-case name="NUnit.Tests.Mocks.DynamicMockTests.MethodWithReturnValue" executed="True" success="True" time="0.000" asserts="1" />
                      <test-case name="NUnit.Tests.Mocks.DynamicMockTests.DefaultReturnValues" executed="True" success="True" time="0.000" asserts="5" />
                      <test-case name="NUnit.Tests.Mocks.DynamicMockTests.WrongReturnType" executed="True" success="True" time="0.000" asserts="0" />
                      <test-case name="NUnit.Tests.Mocks.DynamicMockTests.OverrideMethodOnDynamicMock" executed="True" success="True" time="0.010" asserts="1" />
                      <test-case name="NUnit.Tests.Mocks.DynamicMockTests.CreateMockForNonMBRClassFails" executed="True" success="True" time="0.000" asserts="0" />
                      <test-case name="NUnit.Tests.Mocks.DynamicMockTests.CreateMockForMBRClass" executed="True" success="True" time="0.000" asserts="8" />
                    </results>
                  </test-suite>
                  <test-suite name="MockTests" success="True" time="0.1101584" asserts="0">
                    <results>
                      <test-case name="NUnit.Tests.Mocks.MockTests.MockHasName" executed="True" success="True" time="0.000" asserts="1" />
                      <test-case name="NUnit.Tests.Mocks.MockTests.StrictDefaultsToFalse" executed="True" success="True" time="0.000" asserts="1" />
                      <test-case name="NUnit.Tests.Mocks.MockTests.VerifyNewMock" executed="True" success="True" time="0.000" asserts="0" />
                      <test-case name="NUnit.Tests.Mocks.MockTests.UnexpectedCallsIgnored" executed="True" success="True" time="0.000" asserts="0" />
                      <test-case name="NUnit.Tests.Mocks.MockTests.OneExpectation" executed="True" success="True" time="0.010" asserts="2" />
                      <test-case name="NUnit.Tests.Mocks.MockTests.MethodNotCalled" executed="True" success="True" time="0.000" asserts="1" />
                      <test-case name="NUnit.Tests.Mocks.MockTests.MultipleExpectations" executed="True" success="True" time="0.000" asserts="12" />
                      <test-case name="NUnit.Tests.Mocks.MockTests.MultipleCallsToSameMethod" executed="True" success="True" time="0.000" asserts="4" />
                      <test-case name="NUnit.Tests.Mocks.MockTests.TooManyCalls" executed="True" success="True" time="0.000" asserts="3" />
                      <test-case name="NUnit.Tests.Mocks.MockTests.NotEnoughCalls" executed="True" success="True" time="0.000" asserts="3" />
                      <test-case name="NUnit.Tests.Mocks.MockTests.RequireArguments" executed="True" success="True" time="0.000" asserts="2" />
                      <test-case name="NUnit.Tests.Mocks.MockTests.IgnoreArguments" executed="True" success="True" time="0.000" asserts="2" />
                      <test-case name="NUnit.Tests.Mocks.MockTests.FailWithParametersSpecified" executed="True" success="True" time="0.010" asserts="2" />
                      <test-case name="NUnit.Tests.Mocks.MockTests.CallMultipleMethodsInDifferentOrder" executed="True" success="True" time="0.000" asserts="6" />
                      <test-case name="NUnit.Tests.Mocks.MockTests.CallMultipleMethodsSomeWithoutExpectations" executed="True" success="True" time="0.000" asserts="5" />
                      <test-case name="NUnit.Tests.Mocks.MockTests.ExpectAndReturn" executed="True" success="True" time="0.000" asserts="4" />
                      <test-case name="NUnit.Tests.Mocks.MockTests.ExpectAndReturnWithArgument" executed="True" success="True" time="0.000" asserts="5" />
                      <test-case name="NUnit.Tests.Mocks.MockTests.ExpectAndReturnWithWrongArgument" executed="True" success="True" time="0.000" asserts="3" />
                      <test-case name="NUnit.Tests.Mocks.MockTests.MultipleExpectAndReturn" executed="True" success="True" time="0.000" asserts="10" />
                      <test-case name="NUnit.Tests.Mocks.MockTests.ExpectAndReturnNull" executed="True" success="True" time="0.000" asserts="4" />
                      <test-case name="NUnit.Tests.Mocks.MockTests.SetReturnValue" executed="True" success="True" time="0.010" asserts="1" />
                      <test-case name="NUnit.Tests.Mocks.MockTests.SetReturnValueRepeatedCalls" executed="True" success="True" time="0.000" asserts="3" />
                      <test-case name="NUnit.Tests.Mocks.MockTests.SetReturnValueMultipleTimesOnMultipleMethods" executed="True" success="True" time="0.000" asserts="7" />
                      <test-case name="NUnit.Tests.Mocks.MockTests.SetReturnValueWithoutCalling" executed="True" success="True" time="0.000" asserts="0" />
                      <test-case name="NUnit.Tests.Mocks.MockTests.ExpectAndThrowException" executed="True" success="True" time="0.000" asserts="2" />
                      <test-case name="NUnit.Tests.Mocks.MockTests.ExpectNoCallFails" executed="True" success="True" time="0.010" asserts="0" />
                      <test-case name="NUnit.Tests.Mocks.MockTests.ExpectNoCallSucceeds" executed="True" success="True" time="0.000" asserts="0" />
                      <test-case name="NUnit.Tests.Mocks.MockTests.StrictMode" executed="True" success="True" time="0.000" asserts="2" />
                      <test-case name="NUnit.Tests.Mocks.MockTests.ChangeFixedReturnToExpectAndReturn" executed="True" success="True" time="0.000" asserts="9" />
                      <test-case name="NUnit.Tests.Mocks.MockTests.ChangeExpectAndReturnToFixedReturn" executed="True" success="True" time="0.000" asserts="8" />
                    </results>
                  </test-suite>
                </results>
              </test-suite>
              <test-suite name="CommandLine" success="True" time="0.1702448" asserts="0">
                <results>
                  <test-suite name="ConsoleFixture" success="True" time="0.100144" asserts="0">
                    <results>
                      <test-case name="NUnit.Tests.CommandLine.ConsoleFixture.NoParametersCount" executed="True" success="True" time="0.000" asserts="1" />
                      <test-case name="NUnit.Tests.CommandLine.ConsoleFixture.NoLogo" executed="True" success="True" time="0.010" asserts="1" />
                      <test-case name="NUnit.Tests.CommandLine.ConsoleFixture.Help" executed="True" success="True" time="0.000" asserts="1" />
                      <test-case name="NUnit.Tests.CommandLine.ConsoleFixture.ShortHelp" executed="True" success="True" time="0.000" asserts="1" />
                      <test-case name="NUnit.Tests.CommandLine.ConsoleFixture.Wait" executed="True" success="True" time="0.000" asserts="1" />
                      <test-case name="NUnit.Tests.CommandLine.ConsoleFixture.AssemblyName" executed="True" success="True" time="0.000" asserts="1" />
                      <test-case name="NUnit.Tests.CommandLine.ConsoleFixture.IncludeCategories" executed="True" success="True" time="0.010" asserts="7" />
                      <test-case name="NUnit.Tests.CommandLine.ConsoleFixture.ExcludeCategories" executed="True" success="True" time="0.000" asserts="7" />
                      <test-case name="NUnit.Tests.CommandLine.ConsoleFixture.IncludeAndExcludeAreInvalidTogether" executed="True" success="True" time="0.010" asserts="1" />
                      <test-case name="NUnit.Tests.CommandLine.ConsoleFixture.FixtureName" executed="True" success="True" time="0.000" asserts="3" />
                      <test-case name="NUnit.Tests.CommandLine.ConsoleFixture.ValidateSuccessful" executed="True" success="True" time="0.000" asserts="1" />
                      <test-case name="NUnit.Tests.CommandLine.ConsoleFixture.InvalidArgs" executed="True" success="True" time="0.000" asserts="1" />
                      <test-case name="NUnit.Tests.CommandLine.ConsoleFixture.NoFixtureName" executed="True" success="True" time="0.000" asserts="1" />
                      <test-case name="NUnit.Tests.CommandLine.ConsoleFixture.InvalidCommandLineParms" executed="True" success="True" time="0.000" asserts="1" />
                      <test-case name="NUnit.Tests.CommandLine.ConsoleFixture.XmlParameter" executed="True" success="True" time="0.000" asserts="4" />
                      <test-case name="NUnit.Tests.CommandLine.ConsoleFixture.XmlParameterWithFullPath" executed="True" success="True" time="0.000" asserts="4" />
                      <test-case name="NUnit.Tests.CommandLine.ConsoleFixture.XmlParameterWithFullPathUsingEqualSign" executed="True" success="True" time="0.000" asserts="4" />
                      <test-case name="NUnit.Tests.CommandLine.ConsoleFixture.TransformParameter" executed="True" success="True" time="0.000" asserts="4" />
                      <test-case name="NUnit.Tests.CommandLine.ConsoleFixture.FileNameWithoutXmlParameter" executed="True" success="True" time="0.000" asserts="1" />
                      <test-case name="NUnit.Tests.CommandLine.ConsoleFixture.XmlParameterWithoutFileName" executed="True" success="True" time="0.000" asserts="1" />
                    </results>
                  </test-suite>
                  <test-suite name="MultipleAssemblyFixture" success="True" time="0.0200288" asserts="0">
                    <results>
                      <test-case name="NUnit.Tests.CommandLine.MultipleAssemblyFixture.MultipleAssemblyValidate" executed="True" success="True" time="0.000" asserts="1" />
                      <test-case name="NUnit.Tests.CommandLine.MultipleAssemblyFixture.IsAssemblyTest" executed="True" success="True" time="0.000" asserts="1" />
                      <test-case name="NUnit.Tests.CommandLine.MultipleAssemblyFixture.ParameterCount" executed="True" success="True" time="0.010" asserts="1" />
                      <test-case name="NUnit.Tests.CommandLine.MultipleAssemblyFixture.CheckParameters" executed="True" success="True" time="0.000" asserts="2" />
                      <test-case name="NUnit.Tests.CommandLine.MultipleAssemblyFixture.FixtureValidate" executed="True" success="True" time="0.000" asserts="1" />
                      <test-case name="NUnit.Tests.CommandLine.MultipleAssemblyFixture.IsFixture" executed="True" success="True" time="0.010" asserts="1" />
                      <test-case name="NUnit.Tests.CommandLine.MultipleAssemblyFixture.FixtureParameters" executed="True" success="True" time="0.000" asserts="3" />
                    </results>
                  </test-suite>
                  <test-suite name="GuiFixture" success="True" time="0.0300432" asserts="0">
                    <results>
                      <test-case name="NUnit.Tests.CommandLine.GuiFixture.NoParametersCount" executed="True" success="True" time="0.010" asserts="1" />
                      <test-case name="NUnit.Tests.CommandLine.GuiFixture.Help" executed="True" success="True" time="0.000" asserts="1" />
                      <test-case name="NUnit.Tests.CommandLine.GuiFixture.ShortHelp" executed="True" success="True" time="0.000" asserts="1" />
                      <test-case name="NUnit.Tests.CommandLine.GuiFixture.AssemblyName" executed="True" success="True" time="0.000" asserts="1" />
                      <test-case name="NUnit.Tests.CommandLine.GuiFixture.ValidateSuccessful" executed="True" success="True" time="0.000" asserts="1" />
                      <test-case name="NUnit.Tests.CommandLine.GuiFixture.InvalidArgs" executed="True" success="True" time="0.000" asserts="1" />
                      <test-case name="NUnit.Tests.CommandLine.GuiFixture.InvalidCommandLineParms" executed="True" success="True" time="0.000" asserts="1" />
                      <test-case name="NUnit.Tests.CommandLine.GuiFixture.NoNameValuePairs" executed="True" success="True" time="0.000" asserts="1" />
                    </results>
                  </test-suite>
                </results>
              </test-suite>
              <test-suite name="TestResultTests" success="True" time="0.0100144" asserts="0">
                <results>
                  <test-suite name="TestSuiteResultFixture" success="True" time="0.0100144" asserts="0">
                    <results>
                      <test-case name="NUnit.Tests.TestResultTests.TestSuiteResultFixture.EmptySuite" executed="True" success="True" time="0.000" asserts="1" />
                      <test-case name="NUnit.Tests.TestResultTests.TestSuiteResultFixture.SuiteSuccess" executed="True" success="True" time="0.000" asserts="1" />
                      <test-case name="NUnit.Tests.TestResultTests.TestSuiteResultFixture.TestSuiteFailure" executed="True" success="True" time="0.000" asserts="4" />
                    </results>
                  </test-suite>
                </results>
              </test-suite>
              <test-suite name="Extensions" success="True" time="0.1902736" asserts="0">
                <results>
                  <test-suite name="RepeatedTestTest" success="True" time="0.1902736" asserts="0">
                    <results>
                      <test-case name="NUnit.Tests.Extensions.RepeatedTestTest.RepeatTestFiveTimes" executed="True" success="True" time="0.190" asserts="3" />
                    </results>
                  </test-suite>
                </results>
              </test-suite>
              <test-suite name="Assemblies" success="True" time="0.1101584" asserts="0">
                <results>
                  <test-suite name="AssemblyTests" success="True" time="0.1101584" asserts="0">
                    <results>
                      <test-case name="NUnit.Tests.Assemblies.AssemblyTests.RunSetsCurrentDirectory" executed="True" success="True" time="0.010" asserts="1" />
                      <test-case name="NUnit.Tests.Assemblies.AssemblyTests.LoadAssembly" executed="True" success="True" time="0.010" asserts="2" />
                      <test-case name="NUnit.Tests.Assemblies.AssemblyTests.LoadAssemblyNotFound" executed="True" success="True" time="0.010" asserts="0" />
                      <test-case name="NUnit.Tests.Assemblies.AssemblyTests.LoadAssemblyWithoutTestFixtures" executed="True" success="True" time="0.020" asserts="4" />
                      <test-case name="NUnit.Tests.Assemblies.AssemblyTests.LoadTestFixtureFromAssembly" executed="True" success="True" time="0.020" asserts="2" />
                      <test-case name="NUnit.Tests.Assemblies.AssemblyTests.GetNamespace" executed="True" success="True" time="0.000" asserts="1" />
                      <test-case name="NUnit.Tests.Assemblies.AssemblyTests.AppSettingsLoaded" executed="True" success="True" time="0.000" asserts="3" />
                    </results>
                  </test-suite>
                </results>
              </test-suite>
              <test-suite name="TestResultSuite" success="True" time="0.0200288" asserts="0">
                <results>
                  <test-suite name="TestCaseResultFixture" success="True" time="0.0100144" asserts="0">
                    <results>
                      <test-case name="NUnit.Tests.TestResultSuite.TestCaseResultFixture.TestCaseSuccess" executed="True" success="True" time="0.010" asserts="1" />
                      <test-case name="NUnit.Tests.TestResultSuite.TestCaseResultFixture.TestCaseFailure" executed="True" success="True" time="0.000" asserts="2" />
                      <test-case name="NUnit.Tests.TestResultSuite.TestCaseResultFixture.TestExceptionContents" executed="True" success="True" time="0.000" asserts="1" />
                    </results>
                  </test-suite>
                </results>
              </test-suite>
              <test-suite name="ConsoleRunner" success="True" time="7.1803248" asserts="0">
                <results>
                  <test-suite name="ConsoleRunnerTest" success="True" time="7.1803248" asserts="0">
                    <results>
                      <test-case name="NUnit.Tests.ConsoleRunner.ConsoleRunnerTest.FailureFixture" executed="True" success="True" time="1.332" asserts="1" />
                      <test-case name="NUnit.Tests.ConsoleRunner.ConsoleRunnerTest.SuccessFixture" executed="True" success="True" time="1.182" asserts="1" />
                      <test-case name="NUnit.Tests.ConsoleRunner.ConsoleRunnerTest.XmlResult" executed="True" success="True" time="1.212" asserts="2" />
                      <test-case name="NUnit.Tests.ConsoleRunner.ConsoleRunnerTest.InvalidFixture" executed="True" success="True" time="1.682" asserts="1" />
                      <test-case name="NUnit.Tests.ConsoleRunner.ConsoleRunnerTest.InvalidAssembly" executed="True" success="True" time="0.501" asserts="1" />
                      <test-case name="NUnit.Tests.ConsoleRunner.ConsoleRunnerTest.XmlToConsole" executed="True" success="True" time="1.262" asserts="2" />
                    </results>
                  </test-suite>
                </results>
              </test-suite>
              <test-suite name="Attributes" success="True" time="0.0400576" asserts="0">
                <results>
                  <test-suite name="TestAttributeFixture" success="True" time="0.0300432" asserts="0">
                    <results>
                      <test-case name="NUnit.Tests.Attributes.TestAttributeFixture.ReflectionTest" executed="True" success="True" time="0.000" asserts="1" />
                      <test-case name="NUnit.Tests.Attributes.TestAttributeFixture.Description" executed="True" success="True" time="0.000" asserts="1" />
                      <test-case name="NUnit.Tests.Attributes.TestAttributeFixture.DescriptionInResult" executed="True" success="True" time="0.010" asserts="2" />
                      <test-case name="NUnit.Tests.Attributes.TestAttributeFixture.NoDescription" executed="True" success="True" time="0.000" asserts="1" />
                      <test-case name="NUnit.Tests.Attributes.TestAttributeFixture.FixtureDescription" executed="True" success="True" time="0.000" asserts="1" />
                      <test-case name="NUnit.Tests.Attributes.TestAttributeFixture.FixtureDescriptionInResult" executed="True" success="True" time="0.010" asserts="1" />
                    </results>
                  </test-suite>
                </results>
              </test-suite>
            </results>
          </test-suite>
        </results>
      </test-suite>
    </results>
  </test-suite>
</test-results>